akzelxw@hotmail.com
elum@gmail.com
akbar.ca
akaterasu@gmail.com
akarui.kibuno@gmail.com
ajsparkchick@hotmail.com
ajmeia@yahoo.com
ajhnstn87@gmail.com
ailuvzhoko4@hotmail.com
ailuvzhoko3@hotmail.com
ailuvzhoko2@hotmail.com
ailuvzhoko@hotmail.com
aillensiquioco@aol.com
ahmovic_ines@hotmail.com
ahmed_g300@yahoo.com
ahmadjazlan@gmail.com
ahmad_ridho19@yahoo.com
ahgou_9@hotmail.com
ahan221@yahoo.com
agungarifiyanto@yahoo.com
agnestenerife@yahoo.com
agian_ee@yahoo.com
afrodzac007@aol.com
affinboy@hotmail.com
afdal_hair1303@yahoo.com
afd1944@gmail.com
afandi.ilham@yahoo.com
aerongreg@yahoo.com
adria@jbi.com
ado97_madero@hotmail.com
aditye55@yahoo.com
adhie.impossible@gmail.com
adeeldaftary@gmail.com
adam_petre@hotmail.com
adam_khaldoon911@yahoo.com
ium@yahoo.com
adam.at
aculi_hanzo@yahoo.com
acndrll@aol.com
acewingman@gmail.com
acetheitguy@gmail.com
acebook@musicgodz.com
acady211399@msn.com
ac120_39218@hotmail.com
abubadell@yahoo.com
abstupiate@yahoo.com
absolutely042003@yahoo.com
abjo_mandar@yahoo.com
abges@hotmail.com
abet_912@yahoo.com
abadsic@gmail.com
ab14rose@yahoo.com
aameera0416@yahoo.com
a7med.club@yahoo.com
a_shot_2_remember@yahoo.com
a_mcsorley@live.com
a_lone_warrior@live.com
yahoo.cperterjens@gmail.com
a.hoang6295@hotmail.com
mahalafinlinson456@googlemail.com
xuwng6805@gmail.com
kikyo01@advancedanime.com
facebookmsg456@gmail.com
martin@onlineauctiontrader.com
mwaddict21@gmail.com
paraman1965@yahoo.com
fuad_deboy@yahoo.com
jasondirkson@gmail.com
mousa.nony@yahoo.com
willettstez@hotmail.com
lieve.in@hotmail.com
whatever.i.be
webmacho@live.com
volvo_855t5@hotmail.com
vlevi007@yahoo.com
topyza@gmail.com
tobiascenterfall@hotmail.com
the_hitman29@hotmail.com
sukamto.ngadimin@ymail.com
stoltnielsen360@yahoo.com
stlsportsfan51@yahoo.com
smi_gardena@yahoo.com
shinigami_hela@msn.com
sherrylovie@rogers.com
shanghaifaceman@gmail.com
scottmchl9@gmail.com
lew@fritolay.com
scott.e.be
scasphalt@yahoo.com
s1ck@rediffmail.com
robvossfb@gmail.com
rickrementer@yahoo.com
richardstalnaker@hotmail.com
reccetrooper@yahoo.com
raingwapo@gmail.com
psy_cho182@yahoo.com
patrick96@rogers.com
bravensmommy@yahoo.com
patcrawf@msn.com
palmerangela90@yahoo.com
